0 info it worked if it ends with ok
1 verbose cli [ '/usr/local/bin/node', '/usr/local/bin/npm', 'start' ]
2 info using npm@3.9.5
3 info using node@v6.2.2
4 verbose run-script [ 'prestart', 'start', 'poststart' ]
5 info lifecycle fruit-search@1.0.0~prestart: fruit-search@1.0.0
6 silly lifecycle fruit-search@1.0.0~prestart: no script for prestart, continuing
7 info lifecycle fruit-search@1.0.0~start: fruit-search@1.0.0
8 verbose lifecycle fruit-search@1.0.0~start: unsafe-perm in lifecycle true
9 verbose lifecycle fruit-search@1.0.0~start: PATH: /usr/local/lib/node_modules/npm/bin/node-gyp-bin:/Users/Perl/Desktop/WebDev/side_projects/fruit-search/node_modules/.bin:/usr/local/bin:/Users/Perl/.local/bin:/Users/Perl/.cabal/bin:/Applications/ghc-7.10.2.app/Contents/bin:/usr/local/sbin:/Users/Perl/.rvm/gems/ruby-2.2.1/bin:/Users/Perl/.rvm/gems/ruby-2.2.1@global/bin:/Users/Perl/.rvm/rubies/ruby-2.2.1/bin:/Users/Perl/Downloads/scala-2.11.7/bin:/Users/Perl/Library/Haskell/bin:/usr/local/sbin:/Applications/SDL-1.2.15:/usr/local/bin:/usr/bin:/bin:/usr/sbin:/sbin:/Users/Perl/Downloads/scala-2.11.7/bin:/Users/cleanaccount/Downloads/activator-dist-1.3.7:/opt/ImageMagick/bin:/Users/Perl/.rvm/bin:/Applications/Postgres.app/Contents/Versions/latest/bin
10 verbose lifecycle fruit-search@1.0.0~start: CWD: /Users/Perl/Desktop/WebDev/side_projects/fruit-search
11 silly lifecycle fruit-search@1.0.0~start: Args: [ '-c', 'node src/app.js' ]
12 silly lifecycle fruit-search@1.0.0~start: Returned: code: 1  signal: null
13 info lifecycle fruit-search@1.0.0~start: Failed to exec start script
14 verbose stack Error: fruit-search@1.0.0 start: `node src/app.js`
14 verbose stack Exit status 1
14 verbose stack     at EventEmitter.<anonymous> (/usr/local/lib/node_modules/npm/lib/utils/lifecycle.js:245:16)
14 verbose stack     at emitTwo (events.js:106:13)
14 verbose stack     at EventEmitter.emit (events.js:191:7)
14 verbose stack     at ChildProcess.<anonymous> (/usr/local/lib/node_modules/npm/lib/utils/spawn.js:24:14)
14 verbose stack     at emitTwo (events.js:106:13)
14 verbose stack     at ChildProcess.emit (events.js:191:7)
14 verbose stack     at maybeClose (internal/child_process.js:852:16)
14 verbose stack     at Process.ChildProcess._handle.onexit (internal/child_process.js:215:5)
15 verbose pkgid fruit-search@1.0.0
16 verbose cwd /Users/Perl/Desktop/WebDev/side_projects/fruit-search
17 error Darwin 15.6.0
18 error argv "/usr/local/bin/node" "/usr/local/bin/npm" "start"
19 error node v6.2.2
20 error npm  v3.9.5
21 error code ELIFECYCLE
22 error fruit-search@1.0.0 start: `node src/app.js`
22 error Exit status 1
23 error Failed at the fruit-search@1.0.0 start script 'node src/app.js'.
23 error Make sure you have the latest version of node.js and npm installed.
23 error If you do, this is most likely a problem with the fruit-search package,
23 error not with npm itself.
23 error Tell the author that this fails on your system:
23 error     node src/app.js
23 error You can get information on how to open an issue for this project with:
23 error     npm bugs fruit-search
23 error Or if that isn't available, you can get their info via:
23 error     npm owner ls fruit-search
23 error There is likely additional logging output above.
24 verbose exit [ 1, true ]
